This is pdfTeX, Version 3.14159265-2.6-1.40.15 (MiKTeX 2.9 64-bit) (preloaded format=pdflatex 2016.7.9)  16 OCT 2016 17:33
entering extended mode
**"C:/Users/Robee Khyra Te/Desktop/10th Term/THS-ST1/ST-THESIS-PROPOSAL-Templat
e/chapter_1.tex"

("C:/Users/Robee Khyra Te/Desktop/10th Term/THS-ST1/ST-THESIS-PROPOSAL-Template
/chapter_1.tex"
LaTeX2e <2014/05/01>
Babel <3.9l> and hyphenation patterns for 68 languages loaded.

! LaTeX Error: \thesubsubsection undefined.

See the LaTeX manual or LaTeX Companion for explanation.
Type  H <return>  for immediate help.
 ...                                              
                                                  
l.10 \renewcommand*\thesubsubsection
                                    {%
? 
! Emergency stop.
 ...                                              
                                                  
l.10 \renewcommand*\thesubsubsection
                                    {%
Try typing  <return>  to proceed.
If that doesn't work, type  X <return>  to quit.

 
Here is how much of TeX's memory you used:
 9 strings out of 493698
 485 string characters out of 3144384
 52149 words of memory out of 3000000
 3433 multiletter control sequences out of 15000+200000
 3640 words of font info for 14 fonts, out of 3000000 for 9000
 1025 hyphenation exceptions out of 8191
 5i,0n,5p,199b,14s stack positions out of 5000i,500n,10000p,200000b,50000s
!  ==> Fatal error occurred, no output PDF file produced!
