This is pdfTeX, Version 3.14159265-2.6-1.40.15 (MiKTeX 2.9 64-bit) (preloaded format=pdflatex 2016.7.9)  12 JUL 2017 08:39
entering extended mode
**"C:/Users/Robee Khyra Te/Desktop/ST-THESIS-PROPOSAL-Template/chapter_4.tex"
("C:/Users/Robee Khyra Te/Desktop/ST-THESIS-PROPOSAL-Template/chapter_4.tex"
LaTeX2e <2014/05/01>
Babel <3.9l> and hyphenation patterns for 68 languages loaded.
! Undefined control sequence.
l.10 \chapter
             \systemname
? 
! Emergency stop.
l.10 \chapter
             \systemname
End of file on the terminal!

 
Here is how much of TeX's memory you used:
 8 strings out of 493698
 289 string characters out of 3144384
 52149 words of memory out of 3000000
 3433 multiletter control sequences out of 15000+200000
 3640 words of font info for 14 fonts, out of 3000000 for 9000
 1025 hyphenation exceptions out of 8191
 7i,0n,6p,181b,8s stack positions out of 5000i,500n,10000p,200000b,50000s
!  ==> Fatal error occurred, no output PDF file produced!
